<?xml version="1.0" encoding="UTF-8"?>
<testsuite xmlns:xsi="http://www.w3.org/2001/XMLSchema-instance" xsi:noNamespaceSchemaLocation="https://maven.apache.org/surefire/maven-surefire-plugin/xsd/surefire-test-report-3.0.xsd" version="3.0" name="runner.RunCucumberTest" time="9.414" tests="5" errors="0" skipped="0" failures="0">
  <properties>
[...]
</properties>
  <testcase name="Dado que estou no site da qazando" classname="Cenário: Visualizar código de desconto" time="0">
    <system-err><![CDATA[Starting ChromeDriver 2.41.578700 (2f1ed5f9343c13f73144538f15c00b370eda6706) on port 7587
Only local connections are allowed.
mai 21, 2021 10:14:15 PM org.openqa.selenium.remote.ProtocolHandshake createSession
INFO: Detected dialect: OSS
]]></system-err>
  </testcase>
  <testcase name="Quando eu preencho meu e-mail" classname="Cenário: Visualizar código de desconto" time="0"/>
  <testcase name="E clico em ganhar cupom" classname="Cenário: Visualizar código de desconto" time="0"/>
  <testcase name="Então eu vejo o código de desconto" classname="Cenário: Visualizar código de desconto" time="0"/>
  <testcase name="" classname="Cenário: Visualizar código de desconto" time="0"/>
</testsuite>